30.08.2023 - 20:30:35 - [TAB v4.0.3] Something just tried to add player Surojit into team BLUE (expected team: 1SurojitA)
30.08.2023 - 20:30:35 - [TAB v4.0.3] Something just tried to add player BRRUTAL into team BLACK (expected team: 0BRRUTALA)
30.08.2023 - 20:30:35 - [TAB v4.0.3] Something just tried to add player Surojit into team BLUE (expected team: 1SurojitA)
30.08.2023 - 20:30:35 - [TAB v4.0.3] Something just tried to add player BRRUTAL into team BLACK (expected team: 0BRRUTALA)
30.08.2023 - 20:43:23 - [TAB v4.0.3] Something just tried to add player Surojit into team YELLOW (expected team: 1SurojitA)
30.08.2023 - 20:43:43 - [TAB v4.0.3] Something just tried to add player CLOWN into team GREEN (expected team: 6CLOWNA)
30.08.2023 - 20:43:54 - [TAB v4.0.3] Something just tried to add player Surojit into team YELLOW (expected team: 1SurojitA)
30.08.2023 - 20:43:54 - [TAB v4.0.3] Something just tried to add player CLOWN into team GREEN (expected team: 6CLOWNA)
30.08.2023 - 20:43:54 - [TAB v4.0.3] Something just tried to add player BRRUTAL into team GREEN (expected team: 0BRRUTALA)
30.08.2023 - 20:43:54 - [TAB v4.0.3] Something just tried to add player Surojit into team YELLOW (expected team: 1SurojitA)
30.08.2023 - 20:43:54 - [TAB v4.0.3] Something just tried to add player CLOWN into team GREEN (expected team: 6CLOWNA)
30.08.2023 - 20:43:54 - [TAB v4.0.3] Something just tried to add player BRRUTAL into team GREEN (expected team: 0BRRUTALA)
30.08.2023 - 20:43:54 - [TAB v4.0.3] Something just tried to add player Surojit into team YELLOW (expected team: 1SurojitA)
30.08.2023 - 20:43:54 - [TAB v4.0.3] Something just tried to add player CLOWN into team GREEN (expected team: 6CLOWNA)
30.08.2023 - 20:43:54 - [TAB v4.0.3] Something just tried to add player BRRUTAL into team GREEN (expected team: 0BRRUTALA)
30.08.2023 - 20:47:33 - [TAB v4.0.3] Something just tried to add player Surojit into team CYAN (expected team: 1SurojitA)
30.08.2023 - 20:47:44 - [TAB v4.0.3] Something just tried to add player BRRUTAL into team GREEN (expected team: 0BRRUTALA)
30.08.2023 - 20:47:44 - [TAB v4.0.3] Something just tried to add player CLOWN into team GREEN (expected team: 6CLOWNA)
30.08.2023 - 20:47:44 - [TAB v4.0.3] Something just tried to add player Surojit into team CYAN (expected team: 1SurojitA)
30.08.2023 - 20:47:44 - [TAB v4.0.3] Something just tried to add player BRRUTAL into team GREEN (expected team: 0BRRUTALA)
30.08.2023 - 20:47:44 - [TAB v4.0.3] Something just tried to add player CLOWN into team GREEN (expected team: 6CLOWNA)
30.08.2023 - 20:47:44 - [TAB v4.0.3] Something just tried to add player Surojit into team CYAN (expected team: 1SurojitA)
30.08.2023 - 20:47:44 - [TAB v4.0.3] Something just tried to add player BRRUTAL into team GREEN (expected team: 0BRRUTALA)
30.08.2023 - 20:47:44 - [TAB v4.0.3] Something just tried to add player CLOWN into team GREEN (expected team: 6CLOWNA)
01.09.2023 - 21:10:13 - [TAB v4.0.3] Something just tried to add player Surojit into team BLACK (expected team: 1SurojitA)
01.09.2023 - 21:10:25 - [TAB v4.0.3] Something just tried to add player guru7790 into team BLACK (expected team: 6guru7790A)
01.09.2023 - 21:10:33 - [TAB v4.0.3] Something just tried to add player Surojit into team BLACK (expected team: 1SurojitA)
01.09.2023 - 21:10:33 - [TAB v4.0.3] Something just tried to add player guru7790 into team BLACK (expected team: 6guru7790A)
01.09.2023 - 21:11:14 - [TAB v4.0.3] Something just tried to add player Skelii into team RED (expected team: 6SkeliiA)
01.09.2023 - 21:11:14 - [TAB v4.0.3] Something just tried to add player CLOWN into team GRAY (expected team: 6CLOWNA)
01.09.2023 - 21:11:14 - [TAB v4.0.3] Something just tried to add player BRRUTAL into team YELLOW (expected team: 0BRRUTALA)
01.09.2023 - 21:11:14 - [TAB v4.0.3] Something just tried to add player guru7790 into team YELLOW (expected team: 6guru7790A)
01.09.2023 - 21:11:14 - [TAB v4.0.3] Something just tried to add player abced5 into team PINK (expected team: 6abced5A)
01.09.2023 - 21:11:14 - [TAB v4.0.3] Something just tried to add player Surojit into team CYAN (expected team: 1SurojitA)
01.09.2023 - 21:11:14 - [TAB v4.0.3] Something just tried to add player Skelii into team RED (expected team: 6SkeliiA)
01.09.2023 - 21:11:14 - [TAB v4.0.3] Something just tried to add player CLOWN into team GRAY (expected team: 6CLOWNA)
01.09.2023 - 21:11:14 - [TAB v4.0.3] Something just tried to add player BRRUTAL into team YELLOW (expected team: 0BRRUTALA)
01.09.2023 - 21:11:14 - [TAB v4.0.3] Something just tried to add player guru7790 into team YELLOW (expected team: 6guru7790A)
01.09.2023 - 21:11:14 - [TAB v4.0.3] Something just tried to add player abced5 into team PINK (expected team: 6abced5A)
01.09.2023 - 21:11:14 - [TAB v4.0.3] Something just tried to add player Surojit into team CYAN (expected team: 1SurojitA)
01.09.2023 - 21:11:14 - [TAB v4.0.3] Something just tried to add player Skelii into team RED (expected team: 6SkeliiA)
01.09.2023 - 21:11:14 - [TAB v4.0.3] Something just tried to add player CLOWN into team GRAY (expected team: 6CLOWNA)
01.09.2023 - 21:11:14 - [TAB v4.0.3] Something just tried to add player BRRUTAL into team YELLOW (expected team: 0BRRUTALA)
01.09.2023 - 21:11:14 - [TAB v4.0.3] Something just tried to add player guru7790 into team YELLOW (expected team: 6guru7790A)
01.09.2023 - 21:11:14 - [TAB v4.0.3] Something just tried to add player abced5 into team PINK (expected team: 6abced5A)
01.09.2023 - 21:11:14 - [TAB v4.0.3] Something just tried to add player Surojit into team CYAN (expected team: 1SurojitA)
01.09.2023 - 21:11:14 - [TAB v4.0.3] Something just tried to add player Skelii into team RED (expected team: 6SkeliiA)
01.09.2023 - 21:11:14 - [TAB v4.0.3] Something just tried to add player CLOWN into team GRAY (expected team: 6CLOWNA)
01.09.2023 - 21:11:14 - [TAB v4.0.3] Something just tried to add player BRRUTAL into team YELLOW (expected team: 0BRRUTALA)
01.09.2023 - 21:11:14 - [TAB v4.0.3] Something just tried to add player guru7790 into team YELLOW (expected team: 6guru7790A)
01.09.2023 - 21:11:14 - [TAB v4.0.3] Something just tried to add player abced5 into team PINK (expected team: 6abced5A)
01.09.2023 - 21:11:14 - [TAB v4.0.3] Something just tried to add player Surojit into team CYAN (expected team: 1SurojitA)
01.09.2023 - 21:11:14 - [TAB v4.0.3] Something just tried to add player Skelii into team RED (expected team: 6SkeliiA)
01.09.2023 - 21:11:14 - [TAB v4.0.3] Something just tried to add player CLOWN into team GRAY (expected team: 6CLOWNA)
01.09.2023 - 21:11:14 - [TAB v4.0.3] Something just tried to add player BRRUTAL into team YELLOW (expected team: 0BRRUTALA)
01.09.2023 - 21:11:14 - [TAB v4.0.3] Something just tried to add player guru7790 into team YELLOW (expected team: 6guru7790A)
01.09.2023 - 21:11:14 - [TAB v4.0.3] Something just tried to add player abced5 into team PINK (expected team: 6abced5A)
01.09.2023 - 21:11:14 - [TAB v4.0.3] Something just tried to add player Surojit into team CYAN (expected team: 1SurojitA)
01.09.2023 - 21:11:14 - [TAB v4.0.3] Something just tried to add player Skelii into team RED (expected team: 6SkeliiA)
01.09.2023 - 21:11:14 - [TAB v4.0.3] Something just tried to add player CLOWN into team GRAY (expected team: 6CLOWNA)
01.09.2023 - 21:11:14 - [TAB v4.0.3] Something just tried to add player BRRUTAL into team YELLOW (expected team: 0BRRUTALA)
01.09.2023 - 21:11:14 - [TAB v4.0.3] Something just tried to add player guru7790 into team YELLOW (expected team: 6guru7790A)
01.09.2023 - 21:11:14 - [TAB v4.0.3] Something just tried to add player abced5 into team PINK (expected team: 6abced5A)
01.09.2023 - 21:11:14 - [TAB v4.0.3] Something just tried to add player Surojit into team CYAN (expected team: 1SurojitA)
01.09.2023 - 21:40:14 - [TAB v4.0.3] Something just tried to add player Skelii into team RED (expected team: 6SkeliiA)
01.09.2023 - 21:40:15 - [TAB v4.0.3] Something just tried to add player BRRUTAL into team YELLOW (expected team: 0BRRUTALA)
01.09.2023 - 21:40:18 - [TAB v4.0.3] Something just tried to add player Skelii into team RED (expected team: 6SkeliiA)
01.09.2023 - 21:40:18 - [TAB v4.0.3] Something just tried to add player BRRUTAL into team YELLOW (expected team: 0BRRUTALA)
01.09.2023 - 21:40:18 - [TAB v4.0.3] Something just tried to add player Skelii into team RED (expected team: 6SkeliiA)
01.09.2023 - 21:40:18 - [TAB v4.0.3] Something just tried to add player BRRUTAL into team YELLOW (expected team: 0BRRUTALA)
